<?xml version="1.0" encoding="UTF-8"?>
<Site BuildName="(empty)"
	BuildStamp="20210217-1134-Experimental"
	Name="(empty)"
	Generator="ctest-3.19.2"
	CompilerName=""
	CompilerVersion=""
	OSName="Linux"
	Hostname="preston"
	OSRelease="5.9.16-1-MANJARO"
	OSVersion="#1 SMP PREEMPT Mon Dec 21 22:00:46 UTC 2020"
	OSPlatform="x86_64"
	Is64Bits="1"
	VendorString="AuthenticAMD"
	VendorID="Advanced Micro Devices"
	FamilyID="23"
	ModelID="24"
	ProcessorCacheSize="512"
	NumberOfLogicalCPU="4"
	NumberOfPhysicalCPU="4"
	TotalVirtualMemory="0"
	TotalPhysicalMemory="5951"
	LogicalProcessorsPerPhysical="1"
	ProcessorClockFrequency="3067.76"
	>
	<Testing>
		<StartDateTime>Feb 17 06:34 EST</StartDateTime>
		<StartTestTime>1613561662</StartTestTime>
		<TestList>
			<Test>./STEEM/src/tests/STEEM_TESTS</Test>
		</TestList>
		<Test Status="passed">
			<Name>STEEM_TESTS</Name>
			<Path>./STEEM/src/tests</Path>
			<FullName>./STEEM/src/tests/STEEM_TESTS</FullName>
			<FullCommandLine>/home/preston/Documents/Steem/build/STEEM/src/tests/WindowTest</FullCommandLine>
			<Results>
				<NamedMeasurement type="numeric/double" name="Execution Time">
					<Value>0.00194157</Value>
				</NamedMeasurement>
				<NamedMeasurement type="numeric/double" name="Processors">
					<Value>1</Value>
				</NamedMeasurement>
				<NamedMeasurement type="text/string" name="Completion Status">
					<Value>Completed</Value>
				</NamedMeasurement>
				<NamedMeasurement type="text/string" name="Command Line">
					<Value>/home/preston/Documents/Steem/build/STEEM/src/tests/WindowTest</Value>
				</NamedMeasurement>
				<NamedMeasurement type="text/string" name="Environment">
					<Value>#CTEST_RESOURCE_GROUP_COUNT=</Value>
				</NamedMeasurement>
				<Measurement>
					<Value></Value>
				</Measurement>
			</Results>
		</Test>
		<EndDateTime>Feb 17 06:34 EST</EndDateTime>
		<EndTestTime>1613561662</EndTestTime>
		<ElapsedMinutes>0</ElapsedMinutes>
	</Testing>
</Site>
